<?xml version="1.0" encoding="UTF-8"?>
<!-- Generated by org.testng.reporters.JUnitReportReporter -->
<testsuite name="com.yskj.apitest.ApiTest1" tests="1" time="0.378" ignored="0" failures="0"
           timestamp="24 二月 2019 06:01:59 GMT" skipped="0" hostname="MS-20180930PEOF" errors="0">
    <testcase name="userQueryWithRegTest3" time="0.378" classname="com.yskj.apitest.ApiTest1"/>
</testsuite> <!-- com.yskj.apitest.ApiTest1 -->
