<?xml version="1.0" encoding="UTF-8"?>
<!-- Generated by org.testng.reporters.JUnitReportReporter -->
<testsuite name="com.yskj.apitest.ApiTest" tests="1" time="6.366" ignored="0" failures="0"
           timestamp="24 二月 2019 04:56:26 GMT" skipped="0" hostname="MS-20180930PEOF" errors="0">
    <testcase name="f" time="6.366" classname="com.yskj.apitest.ApiTest"/>
</testsuite> <!-- com.yskj.apitest.ApiTest -->
