<?xml version="1.0" encoding="UTF-8"?>
<!-- Generated by org.testng.reporters.JUnitReportReporter -->
<testsuite name="com.yskj.dd" tests="1" time="0.467" ignored="0" failures="0" timestamp="09 十二月 2018 13:53:48 GMT"
           skipped="0" hostname="MS-20180930PEOF" errors="0">
    <testcase name="getHealthCheckIntegrationTest" time="0.467" classname="com.yskj.dd"/>
</testsuite> <!-- com.yskj.dd -->
